  app_window.cpp
c:\users\kari\desktop\storage\#school\junior year\2nd sem 2017-2018\cse 170 grpahics\support code\cse170pj1\app_window.cpp(145): warning C4305: '+=': truncation from 'double' to 'float'
c:\users\kari\desktop\storage\#school\junior year\2nd sem 2017-2018\cse 170 grpahics\support code\cse170pj1\app_window.cpp(146): warning C4305: '-=': truncation from 'double' to 'float'
c:\users\kari\desktop\storage\#school\junior year\2nd sem 2017-2018\cse 170 grpahics\support code\cse170pj1\app_window.cpp(149): warning C4305: '+=': truncation from 'double' to 'float'
c:\users\kari\desktop\storage\#school\junior year\2nd sem 2017-2018\cse 170 grpahics\support code\cse170pj1\app_window.cpp(150): warning C4305: '-=': truncation from 'double' to 'float'
c:\users\kari\desktop\storage\#school\junior year\2nd sem 2017-2018\cse 170 grpahics\support code\cse170pj1\app_window.cpp(153): warning C4305: '+=': truncation from 'double' to 'float'
c:\users\kari\desktop\storage\#school\junior year\2nd sem 2017-2018\cse 170 grpahics\support code\cse170pj1\app_window.cpp(154): warning C4305: '-=': truncation from 'double' to 'float'
c:\users\kari\desktop\storage\#school\junior year\2nd sem 2017-2018\cse 170 grpahics\support code\cse170pj1\app_window.cpp(157): warning C4305: '+=': truncation from 'double' to 'float'
c:\users\kari\desktop\storage\#school\junior year\2nd sem 2017-2018\cse 170 grpahics\support code\cse170pj1\app_window.cpp(158): warning C4305: '-=': truncation from 'double' to 'float'
c:\users\kari\desktop\storage\#school\junior year\2nd sem 2017-2018\cse 170 grpahics\support code\cse170pj1\app_window.cpp(161): warning C4305: '+=': truncation from 'double' to 'float'
c:\users\kari\desktop\storage\#school\junior year\2nd sem 2017-2018\cse 170 grpahics\support code\cse170pj1\app_window.cpp(162): warning C4305: '-=': truncation from 'double' to 'float'
c:\users\kari\desktop\storage\#school\junior year\2nd sem 2017-2018\cse 170 grpahics\support code\cse170pj1\app_window.cpp(272): warning C4244: 'argument': conversion from 'double' to 'float', possible loss of data
c:\users\kari\desktop\storage\#school\junior year\2nd sem 2017-2018\cse 170 grpahics\support code\cse170pj1\app_window.cpp(272): warning C4305: 'argument': truncation from 'double' to 'float'
c:\users\kari\desktop\storage\#school\junior year\2nd sem 2017-2018\cse 170 grpahics\support code\cse170pj1\app_window.cpp(273): warning C4244: 'argument': conversion from 'double' to 'float', possible loss of data
c:\users\kari\desktop\storage\#school\junior year\2nd sem 2017-2018\cse 170 grpahics\support code\cse170pj1\app_window.cpp(273): warning C4305: 'argument': truncation from 'double' to 'float'
c:\users\kari\desktop\storage\#school\junior year\2nd sem 2017-2018\cse 170 grpahics\support code\cse170pj1\app_window.cpp(274): warning C4244: 'argument': conversion from 'double' to 'float', possible loss of data
c:\users\kari\desktop\storage\#school\junior year\2nd sem 2017-2018\cse 170 grpahics\support code\cse170pj1\app_window.cpp(274): warning C4305: 'argument': truncation from 'double' to 'float'
c:\users\kari\desktop\storage\#school\junior year\2nd sem 2017-2018\cse 170 grpahics\support code\cse170pj1\app_window.cpp(275): warning C4244: 'argument': conversion from 'double' to 'float', possible loss of data
c:\users\kari\desktop\storage\#school\junior year\2nd sem 2017-2018\cse 170 grpahics\support code\cse170pj1\app_window.cpp(275): warning C4305: 'argument': truncation from 'double' to 'float'
c:\users\kari\desktop\storage\#school\junior year\2nd sem 2017-2018\cse 170 grpahics\support code\cse170pj1\app_window.cpp(276): warning C4244: 'argument': conversion from 'double' to 'float', possible loss of data
c:\users\kari\desktop\storage\#school\junior year\2nd sem 2017-2018\cse 170 grpahics\support code\cse170pj1\app_window.cpp(276): warning C4305: 'argument': truncation from 'double' to 'float'
c:\users\kari\desktop\storage\#school\junior year\2nd sem 2017-2018\cse 170 grpahics\support code\cse170pj1\app_window.cpp(279): warning C4244: 'argument': conversion from 'double' to 'float', possible loss of data
c:\users\kari\desktop\storage\#school\junior year\2nd sem 2017-2018\cse 170 grpahics\support code\cse170pj1\app_window.cpp(279): warning C4305: 'argument': truncation from 'double' to 'float'
c:\users\kari\desktop\storage\#school\junior year\2nd sem 2017-2018\cse 170 grpahics\support code\cse170pj1\app_window.cpp(280): warning C4244: 'argument': conversion from 'double' to 'float', possible loss of data
c:\users\kari\desktop\storage\#school\junior year\2nd sem 2017-2018\cse 170 grpahics\support code\cse170pj1\app_window.cpp(280): warning C4305: 'argument': truncation from 'double' to 'float'
c:\users\kari\desktop\storage\#school\junior year\2nd sem 2017-2018\cse 170 grpahics\support code\cse170pj1\app_window.cpp(281): warning C4244: 'argument': conversion from 'double' to 'float', possible loss of data
c:\users\kari\desktop\storage\#school\junior year\2nd sem 2017-2018\cse 170 grpahics\support code\cse170pj1\app_window.cpp(281): warning C4305: 'argument': truncation from 'double' to 'float'
c:\users\kari\desktop\storage\#school\junior year\2nd sem 2017-2018\cse 170 grpahics\support code\cse170pj1\app_window.cpp(282): warning C4244: 'argument': conversion from 'double' to 'float', possible loss of data
c:\users\kari\desktop\storage\#school\junior year\2nd sem 2017-2018\cse 170 grpahics\support code\cse170pj1\app_window.cpp(282): warning C4305: 'argument': truncation from 'double' to 'float'
c:\users\kari\desktop\storage\#school\junior year\2nd sem 2017-2018\cse 170 grpahics\support code\cse170pj1\app_window.cpp(283): warning C4244: 'argument': conversion from 'double' to 'float', possible loss of data
c:\users\kari\desktop\storage\#school\junior year\2nd sem 2017-2018\cse 170 grpahics\support code\cse170pj1\app_window.cpp(283): warning C4305: 'argument': truncation from 'double' to 'float'
  glutapp3d.vcxproj -> C:\Users\Kari\Desktop\Storage\#School\Junior Year\2nd sem 2017-2018\CSE 170 GRPAHICS\Support Code\cse170pj1\visualc14\obj\objloader_Debug\objloader.exe
  glutapp3d.vcxproj -> obj\objloader_Debug\objloader.pdb (Full PDB)
